2022-06-29 19:08:57.551 [info] <0.44.0> Application lager started on node nonode@nohost
2022-06-29 19:08:57.560 [info] <0.44.0> Application xmerl started on node nonode@nohost
2022-06-29 19:08:57.569 [info] <0.44.0> Application sasl started on node nonode@nohost
2022-06-29 19:08:57.569 [info] <0.44.0> Application tools started on node nonode@nohost
2022-06-29 19:08:57.569 [info] <0.44.0> Application jsx started on node nonode@nohost
2022-06-29 19:08:57.570 [info] <0.44.0> Application recon started on node nonode@nohost
2022-06-29 19:08:57.697 [info] <0.44.0> Application credentials_obfuscation started on node nonode@nohost
2022-06-29 19:08:57.697 [info] <0.44.0> Application rabbit_common started on node nonode@nohost
2022-06-29 19:08:57.725 [info] <0.44.0> Application amqp_client started on node nonode@nohost
2022-06-29 19:08:57.734 [info] <0.44.0> Application amqp started on node nonode@nohost
2022-06-29 19:08:57.734 [info] <0.44.0> Application rabbitmq started on node nonode@nohost
2022-06-29 19:09:22.357 [info] <0.44.0> Application lager started on node nonode@nohost
2022-06-29 19:09:22.362 [info] <0.44.0> Application xmerl started on node nonode@nohost
2022-06-29 19:09:22.374 [info] <0.44.0> Application sasl started on node nonode@nohost
2022-06-29 19:09:22.374 [info] <0.44.0> Application tools started on node nonode@nohost
2022-06-29 19:09:22.375 [info] <0.44.0> Application jsx started on node nonode@nohost
2022-06-29 19:09:22.375 [info] <0.44.0> Application recon started on node nonode@nohost
2022-06-29 19:09:22.455 [info] <0.44.0> Application credentials_obfuscation started on node nonode@nohost
2022-06-29 19:09:22.455 [info] <0.44.0> Application rabbit_common started on node nonode@nohost
2022-06-29 19:09:22.467 [info] <0.44.0> Application amqp_client started on node nonode@nohost
2022-06-29 19:09:22.473 [info] <0.44.0> Application amqp started on node nonode@nohost
2022-06-29 19:09:22.474 [info] <0.44.0> Application rabbitmq started on node nonode@nohost
2022-06-29 19:12:36.194 [info] <0.44.0> Application lager started on node nonode@nohost
2022-06-29 19:12:36.198 [info] <0.44.0> Application xmerl started on node nonode@nohost
2022-06-29 19:12:36.204 [info] <0.44.0> Application sasl started on node nonode@nohost
2022-06-29 19:12:36.204 [info] <0.44.0> Application tools started on node nonode@nohost
2022-06-29 19:12:36.205 [info] <0.44.0> Application jsx started on node nonode@nohost
2022-06-29 19:12:36.205 [info] <0.44.0> Application recon started on node nonode@nohost
2022-06-29 19:12:36.289 [info] <0.44.0> Application credentials_obfuscation started on node nonode@nohost
2022-06-29 19:12:36.289 [info] <0.44.0> Application rabbit_common started on node nonode@nohost
2022-06-29 19:12:36.307 [info] <0.44.0> Application amqp_client started on node nonode@nohost
2022-06-29 19:12:36.314 [info] <0.44.0> Application amqp started on node nonode@nohost
2022-06-29 19:12:36.316 [info] <0.44.0> Application rabbitmq started on node nonode@nohost
2022-06-29 19:15:20.725 [info] <0.44.0> Application lager started on node nonode@nohost
2022-06-29 19:15:20.729 [info] <0.44.0> Application xmerl started on node nonode@nohost
2022-06-29 19:15:20.736 [info] <0.44.0> Application sasl started on node nonode@nohost
2022-06-29 19:15:20.736 [info] <0.44.0> Application tools started on node nonode@nohost
2022-06-29 19:15:20.738 [info] <0.44.0> Application jsx started on node nonode@nohost
2022-06-29 19:15:20.738 [info] <0.44.0> Application recon started on node nonode@nohost
2022-06-29 19:15:20.809 [info] <0.44.0> Application credentials_obfuscation started on node nonode@nohost
2022-06-29 19:15:20.809 [info] <0.44.0> Application rabbit_common started on node nonode@nohost
2022-06-29 19:15:20.821 [info] <0.44.0> Application amqp_client started on node nonode@nohost
2022-06-29 19:15:20.826 [info] <0.44.0> Application amqp started on node nonode@nohost
2022-06-29 19:15:20.829 [info] <0.44.0> Application rabbitmq started on node nonode@nohost
2022-06-29 19:18:29.314 [info] <0.44.0> Application lager started on node nonode@nohost
2022-06-29 19:18:29.318 [info] <0.44.0> Application xmerl started on node nonode@nohost
2022-06-29 19:18:29.325 [info] <0.44.0> Application sasl started on node nonode@nohost
2022-06-29 19:18:29.326 [info] <0.44.0> Application tools started on node nonode@nohost
2022-06-29 19:18:29.327 [info] <0.44.0> Application jsx started on node nonode@nohost
2022-06-29 19:18:29.327 [info] <0.44.0> Application recon started on node nonode@nohost
2022-06-29 19:18:29.399 [info] <0.44.0> Application credentials_obfuscation started on node nonode@nohost
2022-06-29 19:18:29.399 [info] <0.44.0> Application rabbit_common started on node nonode@nohost
2022-06-29 19:18:29.410 [info] <0.44.0> Application amqp_client started on node nonode@nohost
2022-06-29 19:18:29.414 [info] <0.44.0> Application amqp started on node nonode@nohost
2022-06-29 19:18:29.417 [info] <0.44.0> Application rabbitmq started on node nonode@nohost
2022-06-29 19:20:16.648 [info] <0.44.0> Application lager started on node nonode@nohost
2022-06-29 19:20:16.652 [info] <0.44.0> Application xmerl started on node nonode@nohost
2022-06-29 19:20:16.658 [info] <0.44.0> Application sasl started on node nonode@nohost
2022-06-29 19:20:16.658 [info] <0.44.0> Application tools started on node nonode@nohost
2022-06-29 19:20:16.660 [info] <0.44.0> Application jsx started on node nonode@nohost
2022-06-29 19:20:16.660 [info] <0.44.0> Application recon started on node nonode@nohost
2022-06-29 19:20:16.732 [info] <0.44.0> Application credentials_obfuscation started on node nonode@nohost
2022-06-29 19:20:16.732 [info] <0.44.0> Application rabbit_common started on node nonode@nohost
2022-06-29 19:20:16.745 [info] <0.44.0> Application amqp_client started on node nonode@nohost
2022-06-29 19:20:16.750 [info] <0.44.0> Application amqp started on node nonode@nohost
2022-06-29 19:20:16.752 [info] <0.44.0> Application rabbitmq started on node nonode@nohost
2022-06-29 19:21:45.645 [info] <0.44.0> Application lager started on node nonode@nohost
2022-06-29 19:21:45.649 [info] <0.44.0> Application xmerl started on node nonode@nohost
2022-06-29 19:21:45.656 [info] <0.44.0> Application sasl started on node nonode@nohost
2022-06-29 19:21:45.657 [info] <0.44.0> Application tools started on node nonode@nohost
2022-06-29 19:21:45.658 [info] <0.44.0> Application jsx started on node nonode@nohost
2022-06-29 19:21:45.658 [info] <0.44.0> Application recon started on node nonode@nohost
2022-06-29 19:21:45.730 [info] <0.44.0> Application credentials_obfuscation started on node nonode@nohost
2022-06-29 19:21:45.730 [info] <0.44.0> Application rabbit_common started on node nonode@nohost
2022-06-29 19:21:45.743 [info] <0.44.0> Application amqp_client started on node nonode@nohost
2022-06-29 19:21:45.748 [info] <0.44.0> Application amqp started on node nonode@nohost
2022-06-29 19:21:45.749 [info] <0.44.0> Application rabbitmq started on node nonode@nohost
2022-06-29 19:28:36.513 [info] <0.44.0> Application lager started on node nonode@nohost
2022-06-29 19:28:36.518 [info] <0.44.0> Application xmerl started on node nonode@nohost
2022-06-29 19:28:36.524 [info] <0.44.0> Application sasl started on node nonode@nohost
2022-06-29 19:28:36.525 [info] <0.44.0> Application tools started on node nonode@nohost
2022-06-29 19:28:36.526 [info] <0.44.0> Application jsx started on node nonode@nohost
2022-06-29 19:28:36.526 [info] <0.44.0> Application recon started on node nonode@nohost
2022-06-29 19:28:36.595 [info] <0.44.0> Application credentials_obfuscation started on node nonode@nohost
2022-06-29 19:28:36.595 [info] <0.44.0> Application rabbit_common started on node nonode@nohost
2022-06-29 19:28:36.606 [info] <0.44.0> Application amqp_client started on node nonode@nohost
2022-06-29 19:28:36.611 [info] <0.44.0> Application amqp started on node nonode@nohost
2022-06-29 19:28:36.612 [info] <0.44.0> Application rabbitmq started on node nonode@nohost
2022-06-29 19:34:33.559 [info] <0.44.0> Application lager started on node nonode@nohost
2022-06-29 19:34:33.564 [info] <0.44.0> Application xmerl started on node nonode@nohost
2022-06-29 19:34:33.572 [info] <0.44.0> Application sasl started on node nonode@nohost
2022-06-29 19:34:33.572 [info] <0.44.0> Application tools started on node nonode@nohost
2022-06-29 19:34:33.574 [info] <0.44.0> Application jsx started on node nonode@nohost
2022-06-29 19:34:33.574 [info] <0.44.0> Application recon started on node nonode@nohost
2022-06-29 19:34:33.644 [info] <0.44.0> Application credentials_obfuscation started on node nonode@nohost
2022-06-29 19:34:33.644 [info] <0.44.0> Application rabbit_common started on node nonode@nohost
2022-06-29 19:34:33.655 [info] <0.44.0> Application amqp_client started on node nonode@nohost
2022-06-29 19:34:33.661 [info] <0.44.0> Application amqp started on node nonode@nohost
2022-06-29 19:34:33.662 [info] <0.44.0> Application rabbitmq started on node nonode@nohost
2022-06-29 19:45:29.079 [info] <0.44.0> Application lager started on node nonode@nohost
2022-06-29 19:45:29.084 [info] <0.44.0> Application xmerl started on node nonode@nohost
2022-06-29 19:45:29.091 [info] <0.44.0> Application sasl started on node nonode@nohost
2022-06-29 19:45:29.091 [info] <0.44.0> Application tools started on node nonode@nohost
2022-06-29 19:45:29.091 [info] <0.44.0> Application jsx started on node nonode@nohost
2022-06-29 19:45:29.091 [info] <0.44.0> Application recon started on node nonode@nohost
2022-06-29 19:45:29.165 [info] <0.44.0> Application credentials_obfuscation started on node nonode@nohost
2022-06-29 19:45:29.165 [info] <0.44.0> Application rabbit_common started on node nonode@nohost
2022-06-29 19:45:29.179 [info] <0.44.0> Application amqp_client started on node nonode@nohost
2022-06-29 19:45:29.184 [info] <0.44.0> Application amqp started on node nonode@nohost
2022-06-29 19:45:29.187 [info] <0.44.0> Application rabbitmq started on node nonode@nohost
2022-06-29 19:46:01.794 [info] <0.44.0> Application lager started on node nonode@nohost
2022-06-29 19:46:01.799 [info] <0.44.0> Application xmerl started on node nonode@nohost
2022-06-29 19:46:01.805 [info] <0.44.0> Application sasl started on node nonode@nohost
2022-06-29 19:46:01.805 [info] <0.44.0> Application tools started on node nonode@nohost
2022-06-29 19:46:01.805 [info] <0.44.0> Application jsx started on node nonode@nohost
2022-06-29 19:46:01.806 [info] <0.44.0> Application recon started on node nonode@nohost
2022-06-29 19:46:01.882 [info] <0.44.0> Application credentials_obfuscation started on node nonode@nohost
2022-06-29 19:46:01.882 [info] <0.44.0> Application rabbit_common started on node nonode@nohost
2022-06-29 19:46:01.894 [info] <0.44.0> Application amqp_client started on node nonode@nohost
2022-06-29 19:46:01.899 [info] <0.44.0> Application amqp started on node nonode@nohost
2022-06-29 19:46:01.903 [info] <0.44.0> Application rabbitmq started on node nonode@nohost
2022-06-29 19:47:00.153 [info] <0.44.0> Application lager started on node nonode@nohost
2022-06-29 19:47:00.153 [info] <0.44.0> Application jsx started on node nonode@nohost
2022-06-29 19:47:00.153 [info] <0.44.0> Application recon started on node nonode@nohost
2022-06-29 19:47:00.155 [info] <0.44.0> Application credentials_obfuscation started on node nonode@nohost
2022-06-29 19:47:00.155 [info] <0.44.0> Application rabbit_common started on node nonode@nohost
2022-06-29 19:47:00.156 [info] <0.44.0> Application amqp_client started on node nonode@nohost
2022-06-29 19:47:20.157 [info] <0.44.0> Application lager started on node nonode@nohost
2022-06-29 19:47:20.161 [info] <0.44.0> Application xmerl started on node nonode@nohost
2022-06-29 19:47:20.167 [info] <0.44.0> Application sasl started on node nonode@nohost
2022-06-29 19:47:20.168 [info] <0.44.0> Application tools started on node nonode@nohost
2022-06-29 19:47:20.170 [info] <0.44.0> Application jsx started on node nonode@nohost
2022-06-29 19:47:20.170 [info] <0.44.0> Application recon started on node nonode@nohost
2022-06-29 19:47:20.243 [info] <0.44.0> Application credentials_obfuscation started on node nonode@nohost
2022-06-29 19:47:20.243 [info] <0.44.0> Application rabbit_common started on node nonode@nohost
2022-06-29 19:47:20.256 [info] <0.44.0> Application amqp_client started on node nonode@nohost
2022-06-29 19:47:20.260 [info] <0.44.0> Application amqp started on node nonode@nohost
2022-06-29 19:47:20.263 [info] <0.44.0> Application rabbitmq started on node nonode@nohost
2022-06-29 19:49:36.682 [info] <0.44.0> Application lager started on node nonode@nohost
2022-06-29 19:49:36.688 [info] <0.44.0> Application xmerl started on node nonode@nohost
2022-06-29 19:49:36.705 [info] <0.44.0> Application sasl started on node nonode@nohost
2022-06-29 19:49:36.705 [info] <0.44.0> Application tools started on node nonode@nohost
2022-06-29 19:49:36.705 [info] <0.44.0> Application jsx started on node nonode@nohost
2022-06-29 19:49:36.705 [info] <0.44.0> Application recon started on node nonode@nohost
2022-06-29 19:49:36.778 [info] <0.44.0> Application credentials_obfuscation started on node nonode@nohost
2022-06-29 19:49:36.778 [info] <0.44.0> Application rabbit_common started on node nonode@nohost
2022-06-29 19:49:36.792 [info] <0.44.0> Application amqp_client started on node nonode@nohost
2022-06-29 19:49:36.798 [info] <0.44.0> Application amqp started on node nonode@nohost
2022-06-29 19:49:36.801 [info] <0.44.0> Application rabbitmq started on node nonode@nohost
2022-06-29 19:52:33.243 [info] <0.44.0> Application lager started on node nonode@nohost
2022-06-29 19:52:33.248 [info] <0.44.0> Application xmerl started on node nonode@nohost
2022-06-29 19:52:33.255 [info] <0.44.0> Application sasl started on node nonode@nohost
2022-06-29 19:52:33.255 [info] <0.44.0> Application tools started on node nonode@nohost
2022-06-29 19:52:33.255 [info] <0.44.0> Application jsx started on node nonode@nohost
2022-06-29 19:52:33.255 [info] <0.44.0> Application recon started on node nonode@nohost
2022-06-29 19:52:33.326 [info] <0.44.0> Application credentials_obfuscation started on node nonode@nohost
2022-06-29 19:52:33.326 [info] <0.44.0> Application rabbit_common started on node nonode@nohost
2022-06-29 19:52:33.339 [info] <0.44.0> Application amqp_client started on node nonode@nohost
2022-06-29 19:52:33.346 [info] <0.44.0> Application amqp started on node nonode@nohost
2022-06-29 19:52:33.347 [info] <0.44.0> Application rabbitmq started on node nonode@nohost
2022-06-29 19:53:39.694 [info] <0.44.0> Application lager started on node nonode@nohost
2022-06-29 19:53:39.699 [info] <0.44.0> Application xmerl started on node nonode@nohost
2022-06-29 19:53:39.706 [info] <0.44.0> Application sasl started on node nonode@nohost
2022-06-29 19:53:39.706 [info] <0.44.0> Application tools started on node nonode@nohost
2022-06-29 19:53:39.707 [info] <0.44.0> Application jsx started on node nonode@nohost
2022-06-29 19:53:39.707 [info] <0.44.0> Application recon started on node nonode@nohost
2022-06-29 19:53:39.778 [info] <0.44.0> Application credentials_obfuscation started on node nonode@nohost
2022-06-29 19:53:39.778 [info] <0.44.0> Application rabbit_common started on node nonode@nohost
2022-06-29 19:53:39.792 [info] <0.44.0> Application amqp_client started on node nonode@nohost
2022-06-29 19:53:39.797 [info] <0.44.0> Application amqp started on node nonode@nohost
2022-06-29 19:53:39.798 [info] <0.44.0> Application rabbitmq started on node nonode@nohost
2022-06-29 20:35:44.179 [info] <0.44.0> Application lager started on node nonode@nohost
2022-06-29 20:35:44.185 [info] <0.44.0> Application xmerl started on node nonode@nohost
2022-06-29 20:35:44.193 [info] <0.44.0> Application sasl started on node nonode@nohost
2022-06-29 20:35:44.194 [info] <0.44.0> Application tools started on node nonode@nohost
2022-06-29 20:35:44.194 [info] <0.44.0> Application jsx started on node nonode@nohost
2022-06-29 20:35:44.194 [info] <0.44.0> Application recon started on node nonode@nohost
2022-06-29 20:35:44.273 [info] <0.44.0> Application credentials_obfuscation started on node nonode@nohost
2022-06-29 20:35:44.273 [info] <0.44.0> Application rabbit_common started on node nonode@nohost
2022-06-29 20:35:44.286 [info] <0.44.0> Application amqp_client started on node nonode@nohost
2022-06-29 20:35:44.293 [info] <0.44.0> Application amqp started on node nonode@nohost
2022-06-29 20:35:44.296 [info] <0.44.0> Application rabbitmq started on node nonode@nohost
2022-06-29 20:36:58.054 [info] <0.44.0> Application lager started on node nonode@nohost
2022-06-29 20:36:58.059 [info] <0.44.0> Application xmerl started on node nonode@nohost
2022-06-29 20:36:58.065 [info] <0.44.0> Application sasl started on node nonode@nohost
2022-06-29 20:36:58.066 [info] <0.44.0> Application tools started on node nonode@nohost
2022-06-29 20:36:58.066 [info] <0.44.0> Application jsx started on node nonode@nohost
2022-06-29 20:36:58.066 [info] <0.44.0> Application recon started on node nonode@nohost
2022-06-29 20:36:58.132 [info] <0.44.0> Application credentials_obfuscation started on node nonode@nohost
2022-06-29 20:36:58.132 [info] <0.44.0> Application rabbit_common started on node nonode@nohost
2022-06-29 20:36:58.143 [info] <0.44.0> Application amqp_client started on node nonode@nohost
2022-06-29 20:36:58.147 [info] <0.44.0> Application amqp started on node nonode@nohost
2022-06-29 20:36:58.148 [info] <0.44.0> Application rabbitmq started on node nonode@nohost
